<testExecutions version="1">
  <file path="tests/CourtForm.test.js">
    <testCase name="CourtForm.vue - affiche le formulaire en mode création" duration="17" />
    <testCase name="CourtForm.vue - affiche le formulaire en mode édition" duration="3" />
  </file>
</testExecutions>